<?xml version="1.0" encoding="UTF-8"?>
<testsuite name="guru.qa.ParametrTestOnlineShops" tests="3" skipped="1" failures="0" errors="0" timestamp="2023-01-23T20:26:25" hostname="LAPTOP-57D3LCEV" time="13.037">
  <properties/>
  <testcase name="Работает через раз названия продукта исчезает в поисковике после pressEnter()" classname="guru.qa.ParametrTestOnlineShops" time="0.0">
    <skipped/>
  </testcase>
  <testcase name="Продукт Процессор должен появится при наборе core i7" classname="guru.qa.ParametrTestOnlineShops" time="10.59"/>
  <testcase name="Продукт Видеокарта должен появится при наборе rtx 4090" classname="guru.qa.ParametrTestOnlineShops" time="2.409"/>
  <system-out><![CDATA[]]></system-out>
  <system-err><![CDATA[[Test worker] INFO com.codeborne.selenide.impl.WebDriverThreadLocalContainer - No webdriver is bound to current thread: 1 - let's create a new webdriver
[Test worker] INFO com.codeborne.selenide.impl.FileHelper - Creating folder: C:\Users\nfsmw\IdeaProjects\qa_guru_junit\build\downloads\1674505585139_46416_1
[Test worker] INFO io.github.bonigarcia.wdm.WebDriverManager - Using msedgedriver 109.0.1518.61 (resolved driver for Edge 109)
[Test worker] INFO io.github.bonigarcia.wdm.WebDriverManager - Exporting webdriver.edge.driver as C:\Users\nfsmw\.cache\selenium\msedgedriver\win64\109.0.1518.61\msedgedriver.exe
[Test worker] INFO com.codeborne.selenide.webdriver.SelenideNettyClientFactory - Changed readTimeout from PT3M to PT1M30S
Starting Microsoft Edge WebDriver 109.0.1518.61 (354b36f96babfabf4b1ee8754f550d1b74ae0d14) on port 43780
To submit feedback, report a bug, or suggest new features, please visit https://github.com/MicrosoftEdge/EdgeWebDriver

Only local connections are allowed.
Please see https://aka.ms/WebDriverSecurity for suggestions on keeping Microsoft Edge WebDriver safe.

Microsoft Edge WebDriver was started successfully.
[Test worker] INFO com.codeborne.selenide.webdriver.SelenideNettyClientFactory - Changed readTimeout from PT3M to PT1M30S
[Test worker] INFO com.codeborne.selenide.webdriver.SelenideNettyClientFactory - Changed readTimeout from PT3M to PT1M30S
янв. 23, 2023 11:26:28 PM org.openqa.selenium.devtools.CdpVersionFinder findNearestMatch
WARNING: Unable to find an exact match for CDP version 109, so returning the closest version found: 108
[Test worker] INFO com.codeborne.selenide.webdriver.BrowserResizer - Set browser size to 1366x768
[Test worker] INFO com.codeborne.selenide.webdriver.WebDriverFactory - BrowserName=msedge Version=109.0.1518.61 Platform=WINDOWS
[Test worker] INFO com.codeborne.selenide.webdriver.WebDriverFactory - Selenide v. 6.11.1
[Test worker] INFO com.codeborne.selenide.webdriver.WebDriverFactory - Selenium WebDriver v. 4.7.2 build revision: 4d4020c3b7
[Test worker] INFO com.codeborne.selenide.drivercommands.CreateDriverCommand - Created webdriver in thread 1: EdgeDriver -> EdgeDriver: msedge on WINDOWS (0fd0be4258af0dd6bf93286871f4ebf3)
[Test worker] INFO com.codeborne.selenide.drivercommands.DisposablesRegistry - Register WebDriverInstance[config=StaticConfig,webDriver=EdgeDriver: msedge on WINDOWS (0fd0be4258af0dd6bf93286871f4ebf3),proxy=null,downloadsFolder=C:\Users\nfsmw\IdeaProjects\qa_guru_junit\build\downloads\1674505585139_46416_1] in 1 [size=1]
[Test worker] INFO com.codeborne.selenide.drivercommands.DisposablesRegistry - Add shutdown hook in 1 [size=1]
[Test worker] INFO com.codeborne.selenide.impl.WebDriverThreadLocalContainer - Browser and proxy will stay open due to holdBrowserOpen=true: 1 -> EdgeDriver: msedge on WINDOWS (0fd0be4258af0dd6bf93286871f4ebf3), null
]]></system-err>
</testsuite>
